atad_IMPORTS_start
I_ata_get_devinfo
I_ata_device_sector_io
I_ata_device_flush_cache
atad_IMPORTS_end

dev9_IMPORTS_start
I_dev9Shutdown
dev9_IMPORTS_end

sifcmd_IMPORTS_start
I_sceSifInitRpc
I_sceSifSetRpcQueue
I_sceSifRegisterRpc
I_sceSifRpcLoop
sifcmd_IMPORTS_end

stdio_IMPORTS_start
I_printf
stdio_IMPORTS_end

sysclib_IMPORTS_start
I_strcmp
I_strcpy
I_memset
I_memcpy
I_memcmp
sysclib_IMPORTS_end

sysmem_IMPORTS_start
I_AllocSysMemory
I_FreeSysMemory
sysmem_IMPORTS_end

thbase_IMPORTS_start
I_GetThreadId
I_CreateThread
I_StartThread
thbase_IMPORTS_end

intrman_IMPORTS_start
I_CpuSuspendIntr
I_CpuResumeIntr
intrman_IMPORTS_end

poweroff_IMPORTS_start
I_PoweroffShutdown
poweroff_IMPORTS_end
