//---------------------------------------------------------------------------
// File name:   imports.lst
// Description: Used to generate code for IRX function imports
//---------------------------------------------------------------------------

cdvdman_IMPORTS_start
//I_sceCdDiskReady
//I_sceCdGetDiskType
//I_sceCdRead
I_sceCdReadDVDV
//I_sceCdStatus
I_sceCdSync
cdvdman_IMPORTS_end

intrman_IMPORTS_start
I_CpuSuspendIntr
I_CpuResumeIntr
intrman_IMPORTS_end

sifcmd_IMPORTS_start
I_sceSifInitRpc 
I_sceSifSetRpcQueue 
I_sceSifRegisterRpc 
I_sceSifRpcLoop
sifcmd_IMPORTS_end

sysmem_IMPORTS_start
I_AllocSysMemory
I_FreeSysMemory
sysmem_IMPORTS_end

sysclib_IMPORTS_start
I_strncmp
sysclib_IMPORTS_end

stdio_IMPORTS_start
I_printf
stdio_IMPORTS_end

thbase_IMPORTS_start
I_CreateThread
I_GetThreadId
I_StartThread
thbase_IMPORTS_end

//---------------------------------------------------------------------------
// End of file: imports.lst
//---------------------------------------------------------------------------
