
stdio_IMPORTS_start
I_printf
stdio_IMPORTS_end

sysclib_IMPORTS_start
I_memset
I_memcpy
I_strncpy
sysclib_IMPORTS_end

thsemap_IMPORTS_start
I_CreateSema
I_SignalSema
I_WaitSema
I_DeleteSema
thsemap_IMPORTS_end

thbase_IMPORTS_start
I_CreateThread
I_StartThread 
I_ExitDeleteThread
thbase_IMPORTS_end

ioman_IMPORTS_start
I_AddDrv
I_DelDrv
ioman_IMPORTS_end

ps2ip_IMPORTS_start
I_lwip_send
I_lwip_socket
I_lwip_listen
I_lwip_recv
I_lwip_close
I_lwip_bind
I_lwip_accept
ps2ip_IMPORTS_end

sifcmd_IMPORTS_start
I_sceSifInitRpc
sifcmd_IMPORTS_end

intrman_IMPORTS_start
I_CpuEnableIntr
intrman_IMPORTS_end

loadcore_IMPORTS_start
I_FlushDcache
loadcore_IMPORTS_end

cdvdman_IMPORTS_start
I_sceCdInit
I_sceCdStop
cdvdman_IMPORTS_end
